<?xml version="1.0" encoding="UTF-8"?>
<!-- Generated by org.testng.reporters.JUnitReportReporter -->
<testsuite skipped="0" hostname="DESKTOP-F4G95SR" name="Framework.CreateProject" tests="1" failures="0" timestamp="2019-11-29T10:54:47 IST" time="4.399" errors="0">
  <testcase name="testCreateProject" time="4.399" classname="Framework.CreateProject"/>
</testsuite> <!-- Framework.CreateProject -->
