<?xml version="1.0" encoding="UTF-8"?>
<!-- Generated by org.testng.reporters.JUnitReportReporter -->
<testsuite skipped="0" hostname="DESKTOP-F4G95SR" name="Demo2.Sample" tests="3" failures="0" timestamp="2019-11-13T09:31:46 IST" time="0.023" errors="0">
  <testcase name="testBB" time="0.019" classname="Demo2.Sample"/>
  <testcase name="testCC" time="0.002" classname="Demo2.Sample"/>
  <testcase name="testAA" time="0.002" classname="Demo2.Sample"/>
</testsuite> <!-- Demo2.Sample -->
