<?xml version="1.0" encoding="UTF-8"?>
<!-- Generated by org.testng.reporters.JUnitReportReporter -->
<testsuite skipped="0" hostname="DESKTOP-F4G95SR" name="Demo3.CreateTask" tests="1" failures="0" timestamp="2019-11-13T10:41:47 IST" time="25.201" errors="0">
  <testcase name="testCreateTask" time="25.201" classname="Demo3.CreateTask"/>
</testsuite> <!-- Demo3.CreateTask -->
