<?xml version="1.0" encoding="UTF-8"?>
<!-- Generated by org.testng.reporters.JUnitReportReporter -->
<testsuite skipped="0" hostname="DESKTOP-F4G95SR" name="Demo5.CreateProject" tests="1" failures="0" timestamp="2019-11-14T11:05:36 IST" time="0.005" errors="0">
  <testcase name="testCreateProject" time="0.005" classname="Demo5.CreateProject"/>
</testsuite> <!-- Demo5.CreateProject -->
