<?xml version="1.0" encoding="UTF-8"?>
<!-- Generated by org.testng.reporters.JUnitReportReporter -->
<testsuite skipped="0" hostname="DESKTOP-F4G95SR" name="Demo4.Profile" tests="1" failures="0" timestamp="2019-11-14T10:24:29 IST" time="0.014" errors="0">
  <testcase name="functionalTesting" time="0.014" classname="Demo4.Profile"/>
</testsuite> <!-- Demo4.Profile -->
