<?xml version="1.0" encoding="UTF-8"?>
<!-- Generated by org.testng.reporters.JUnitReportReporter -->
<testsuite skipped="0" hostname="DESKTOP-F4G95SR" name="Framework.deleteCustomer" tests="1" failures="0" timestamp="2019-11-29T11:28:39 IST" time="2.582" errors="0">
  <testcase name="testdeleteCustomer" time="2.582" classname="Framework.deleteCustomer"/>
</testsuite> <!-- Framework.deleteCustomer -->
