<?xml version="1.0" encoding="UTF-8"?>
<!-- Generated by org.testng.reporters.JUnitReportReporter -->
<testsuite skipped="0" hostname="DESKTOP-F4G95SR" name="Demo3.CreateCustomer" tests="1" failures="0" timestamp="2019-11-13T11:05:00 IST" time="10.050" errors="0">
  <testcase name="testCreateCustomer" time="10.050" classname="Demo3.CreateCustomer"/>
</testsuite> <!-- Demo3.CreateCustomer -->
