<?xml version="1.0" encoding="UTF-8"?>
<!-- Generated by org.testng.reporters.JUnitReportReporter -->
<testsuite skipped="0" hostname="DESKTOP-F4G95SR" name="ParelleExe.CreateCustomer" tests="1" failures="0" timestamp="2019-11-13T11:21:01 IST" time="11.892" errors="0">
  <testcase name="testCreateCustomer" time="11.892" classname="ParelleExe.CreateCustomer"/>
</testsuite> <!-- ParelleExe.CreateCustomer -->
