<?xml version="1.0" encoding="UTF-8"?>
<!-- Generated by org.testng.reporters.JUnitReportReporter -->
<testsuite skipped="0" hostname="DESKTOP-F4G95SR" name="Demo5.CreateCustomer" tests="1" failures="0" timestamp="2019-11-14T11:05:36 IST" time="0.010" errors="0">
  <testcase name="testCreateCustomer" time="0.010" classname="Demo5.CreateCustomer"/>
</testsuite> <!-- Demo5.CreateCustomer -->
