<?xml version="1.0" encoding="UTF-8"?>
<!-- Generated by org.testng.reporters.JUnitReportReporter -->
<testsuite skipped="0" hostname="DESKTOP-F4G95SR" name="Framework.CreateCustomer" tests="1" failures="0" timestamp="2019-11-28T11:14:08 IST" time="2.955" errors="0">
  <testcase name="testCreateCustomer" time="2.955" classname="Framework.CreateCustomer"/>
</testsuite> <!-- Framework.CreateCustomer -->
