<?xml version="1.0" encoding="UTF-8"?>
<!-- Generated by org.testng.reporters.JUnitReportReporter -->
<testsuite skipped="0" hostname="DESKTOP-F4G95SR" name="ParelleExe.CreateProject" tests="1" failures="0" timestamp="2019-11-13T11:21:01 IST" time="26.121" errors="0">
  <testcase name="testCreateProject" time="26.121" classname="ParelleExe.CreateProject"/>
</testsuite> <!-- ParelleExe.CreateProject -->
